[debug] > Exec(early(addDefaultCommands), None, None)
[debug] > Exec(addDefaultCommands, None, None)
[debug] > Exec(early(initialize), None, None)
[debug] > Exec(initialize, None, None)
[debug] > Exec(early(addPluginSbtFile="""C:\Users\Sams_\AppData\Local\Temp\idea3037.sbt"""), None, None)
[debug] > Exec(addPluginSbtFile="""C:\Users\Sams_\AppData\Local\Temp\idea3037.sbt""", None, None)
[debug] > Exec(boot, None, None)
[debug] > Exec(writeSbtVersion, None, None)
[debug] > Exec(reload, None, None)
[debug] > Exec(sbtStashOnFailure, None, None)
[debug] > Exec(onFailure loadFailed, None, None)
[debug] > Exec(loadp, None, None)
[info] welcome to sbt 1.5.5 (Amazon.com Inc. Java 17.0.3)
[debug]       Load.loadUnit: plugins took 147.5252ms
[debug]       Load.loadUnit: defsScala took 0.6665ms
[debug] [Loading] Scanning directory C:\Users\Sams_\.sbt\1.0\plugins
[debug] [Loading] Found non-root projects 
[debug] [Loading] Done in C:\Users\Sams_\.sbt\1.0\plugins, returning: ()
[debug] deducing auto plugins based on known facts Set(Atom(sbt.plugins.CorePlugin)) and clauses Clauses(Clause(Atom(sbt.plugins.JvmPlugin),Set(Atom(sbt.plugins.IvyPlugin)))
[debug] Clause(Atom(sbt.ScriptedPlugin),Set(Atom(sbt.plugins.JvmPlugin)))
[debug] Clause(Atom(sbt.plugins.SbtPlugin),Set(Atom(sbt.ScriptedPlugin)))
[debug] Clause(Atom(sbt.plugins.SemanticdbPlugin),Set(Atom(sbt.plugins.JvmPlugin)))
[debug] Clause(Atom(sbt.plugins.JUnitXmlReportPlugin),Set(Atom(sbt.plugins.JvmPlugin)))
[debug] Clause(Atom(sbt.plugins.MiniDependencyTreePlugin),Set(Atom(sbt.plugins.JvmPlugin)))
[debug] Clause(Atom(sbt.plugins.CorePlugin),Set(Atom(sbt.plugins.IvyPlugin)))
[debug] Clause(Atom(sbt.plugins.IvyPlugin),Set(Atom(sbt.plugins.JvmPlugin)))
[debug] Clause(Atom(sbt.plugins.JvmPlugin),Set(Atom(sbt.plugins.SemanticdbPlugin)))
[debug] Clause(Atom(sbt.plugins.JvmPlugin),Set(Atom(sbt.plugins.JUnitXmlReportPlugin)))
[debug] Clause(Atom(sbt.plugins.CorePlugin),Set(Atom(sbt.plugins.Giter8TemplatePlugin)))
[debug] Clause(Atom(sbt.plugins.JvmPlugin),Set(Atom(sbt.plugins.MiniDependencyTreePlugin))))
[debug]   :: deduced result: Matched(sbt.plugins.CorePlugin,sbt.plugins.Giter8TemplatePlugin,sbt.plugins.IvyPlugin,sbt.plugins.JvmPlugin,sbt.plugins.MiniDependencyTreePlugin,sbt.plugins.JUnitXmlReportPlugin,sbt.plugins.SemanticdbPlugin)
[debug] Plugins.deducer#function took 21.5732 ms
[debug]           Load.resolveProject(global-plugins) took 40.8006ms
[debug]         Load.loadTransitive: finalizeProject(Project(id global-plugins, base: C:\Users\Sams_\.sbt\1.0\plugins, plugins: List(<none>))) took 89.1927ms
[debug] [Loading] Done in C:\Users\Sams_\.sbt\1.0\plugins, returning: (global-plugins)
[debug]       Load.loadUnit: loadedProjectsRaw took 123.3241ms
[debug]       Load.loadUnit: cleanEvalClasses took 0.2035ms
[debug]     Load.loadUnit(file:/C:/Users/Sams_/.sbt/1.0/plugins/, ...) took 285.0347ms
[debug]   Load.apply: load took 442.2081ms
[debug]   Load.apply: resolveProjects took 4.2408ms
[debug]   Load.apply: finalTransforms took 53.9153ms
[debug]   Load.apply: config.delegates took 10.2278ms
[debug]   Load.apply: Def.make(settings)... took 418.6909ms
[debug]   Load.apply: structureIndex took 90.0529ms
[debug]   Load.apply: mkStreams took 1.166ms
[info] loading global plugins from C:\Users\Sams_\.sbt\1.0\plugins
[debug] Running task... Cancel: Signal, check cycles: false, forcegc: true
[debug] Load.defaultLoad until apply took 2477.0126ms
[debug]           Load.loadUnit: plugins took 18.4682ms
[debug]           Load.loadUnit: defsScala took 0.0049ms
[debug] [Loading] Scanning directory C:\BitBucket\scala\http4s\estcequecestlheuredelacanicule\project
[debug]             Load.loadUnit: mkEval took 3.9282ms
[debug] [Loading] Found non-root projects 
[debug] [Loading] Done in C:\BitBucket\scala\http4s\estcequecestlheuredelacanicule\project, returning: ()
[debug] deducing auto plugins based on known facts Set(Atom(sbt.plugins.CorePlugin)) and clauses Clauses(Clause(Atom(sbt.plugins.JvmPlugin),Set(Atom(sbt.plugins.IvyPlugin)))
[debug] Clause(Atom(sbt.ScriptedPlugin),Set(Atom(sbt.plugins.JvmPlugin)))
[debug] Clause(Atom(sbt.plugins.SbtPlugin),Set(Atom(sbt.ScriptedPlugin)))
[debug] Clause(Atom(sbt.plugins.SemanticdbPlugin),Set(Atom(sbt.plugins.JvmPlugin)))
[debug] Clause(Atom(sbt.plugins.JUnitXmlReportPlugin),Set(Atom(sbt.plugins.JvmPlugin)))
[debug] Clause(Atom(sbt.plugins.MiniDependencyTreePlugin),Set(Atom(sbt.plugins.JvmPlugin)))
[debug] Clause(Atom(sbt.plugins.CorePlugin),Set(Atom(sbt.plugins.IvyPlugin)))
[debug] Clause(Atom(sbt.plugins.IvyPlugin),Set(Atom(sbt.plugins.JvmPlugin)))
[debug] Clause(Atom(sbt.plugins.JvmPlugin),Set(Atom(sbt.plugins.SemanticdbPlugin)))
[debug] Clause(Atom(sbt.plugins.JvmPlugin),Set(Atom(sbt.plugins.JUnitXmlReportPlugin)))
[debug] Clause(Atom(sbt.plugins.CorePlugin),Set(Atom(sbt.plugins.Giter8TemplatePlugin)))
[debug] Clause(Atom(sbt.plugins.JvmPlugin),Set(Atom(sbt.plugins.MiniDependencyTreePlugin))))
[debug]   :: deduced result: Matched(sbt.plugins.CorePlugin,sbt.plugins.Giter8TemplatePlugin,sbt.plugins.IvyPlugin,sbt.plugins.JvmPlugin,sbt.plugins.MiniDependencyTreePlugin,sbt.plugins.JUnitXmlReportPlugin,sbt.plugins.SemanticdbPlugin)
[debug] Plugins.deducer#function took 1.3897 ms
[info] loading settings for project estcequecestlheuredelacanicule-build from plugins.sbt,idea3037.sbt ...
[debug]               Load.resolveProject(estcequecestlheuredelacanicule-build) took 3.602ms
[debug]             Load.loadTransitive: finalizeProject(Project(id estcequecestlheuredelacanicule-build, base: C:\BitBucket\scala\http4s\estcequecestlheuredelacanicule\project, plugins: List(<none>))) took 5.5288ms
[debug] [Loading] Done in C:\BitBucket\scala\http4s\estcequecestlheuredelacanicule\project, returning: (estcequecestlheuredelacanicule-build)
[debug]           Load.loadUnit: loadedProjectsRaw took 149.2494ms
[debug]           Load.loadUnit: cleanEvalClasses took 12.036ms
[debug]         Load.loadUnit(file:/C:/BitBucket/scala/http4s/estcequecestlheuredelacanicule/project/, ...) took 180.5781ms
[debug]       Load.apply: load took 181.8754ms
[debug]       Load.apply: resolveProjects took 0.0925ms
[debug]       Load.apply: finalTransforms took 10.2191ms
[debug]       Load.apply: config.delegates took 0.4325ms
[debug]       Load.apply: Def.make(settings)... took 79.9796ms
[debug]       Load.apply: structureIndex took 29.5537ms
[debug]       Load.apply: mkStreams took 0.0022ms
[info] loading project definition from C:\BitBucket\scala\http4s\estcequecestlheuredelacanicule\project
[debug] Running task... Cancel: Signal, check cycles: false, forcegc: true
[debug]     Load.loadUnit: plugins took 602.9149ms
[debug]     Load.loadUnit: defsScala took 0.0045ms
[debug] [Loading] Scanning directory C:\BitBucket\scala\http4s\estcequecestlheuredelacanicule
[debug]       Load.loadUnit: mkEval took 0.315ms
[debug] [Loading] Found root project root w/ remaining 
[debug] deducing auto plugins based on known facts Set(Atom(sbt.plugins.CorePlugin)) and clauses Clauses(Clause(Atom(sbt.plugins.JvmPlugin),Set(Atom(sbt.plugins.IvyPlugin)))
[debug] Clause(Atom(sbt.ScriptedPlugin),Set(Atom(sbt.plugins.JvmPlugin)))
[debug] Clause(Atom(sbt.plugins.SbtPlugin),Set(Atom(sbt.ScriptedPlugin)))
[debug] Clause(Atom(sbt.plugins.SemanticdbPlugin),Set(Atom(sbt.plugins.JvmPlugin)))
[debug] Clause(Atom(sbt.plugins.JUnitXmlReportPlugin),Set(Atom(sbt.plugins.JvmPlugin)))
[debug] Clause(Atom(sbt.plugins.MiniDependencyTreePlugin),Set(Atom(sbt.plugins.JvmPlugin)))
[debug] Clause(Atom(io.github.davidgregory084.TpolecatPlugin),Set(Atom(sbt.plugins.JvmPlugin)))
[debug] Clause(Atom(spray.revolver.RevolverPlugin),Set(Atom(sbt.plugins.JvmPlugin)))
[debug] Clause(Atom(sbtassembly.AssemblyPlugin),Set(Atom(sbt.plugins.JvmPlugin)))
[debug] Clause(Atom(org.jetbrains.sbt.StructurePlugin),Set(Atom(sbt.plugins.JvmPlugin)))
[debug] Clause(Atom(org.jetbrains.sbt.IdeaShellPlugin),Set(Atom(sbt.plugins.JvmPlugin)))
[debug] Clause(Atom(org.jetbrains.sbt.indices.SbtIntellijIndicesPlugin),Set(Atom(sbt.plugins.JvmPlugin)))
[debug] Clause(Atom(org.lyranthe.sbt.PartialUnification),Set(Atom(sbt.plugins.JvmPlugin)))
[debug] Clause(Atom(sbt.plugins.CorePlugin),Set(Atom(sbt.plugins.IvyPlugin)))
[debug] Clause(Atom(sbt.plugins.IvyPlugin),Set(Atom(sbt.plugins.JvmPlugin)))
[debug] Clause(Atom(sbt.plugins.JvmPlugin),Set(Atom(sbt.plugins.SemanticdbPlugin)))
[debug] Clause(Atom(sbt.plugins.JvmPlugin),Set(Atom(sbt.plugins.JUnitXmlReportPlugin)))
[debug] Clause(Atom(sbt.plugins.CorePlugin),Set(Atom(sbt.plugins.Giter8TemplatePlugin)))
[debug] Clause(Atom(sbt.plugins.JvmPlugin),Set(Atom(sbt.plugins.MiniDependencyTreePlugin)))
[debug] Clause(Atom(sbt.plugins.JvmPlugin),Set(Atom(io.github.davidgregory084.TpolecatPlugin)))
[debug] Clause(Atom(sbt.plugins.JvmPlugin),Set(Atom(spray.revolver.RevolverPlugin)))
[debug] Clause(Atom(sbt.plugins.JvmPlugin),Set(Atom(sbtassembly.AssemblyPlugin)))
[debug] Clause(Atom(sbt.plugins.JvmPlugin),Set(Atom(org.jetbrains.sbt.StructurePlugin)))
[debug] Clause(Atom(sbt.plugins.JvmPlugin),Set(Atom(org.jetbrains.sbt.IdeaShellPlugin)))
[debug] Clause(And(Set(Atom(sbt.plugins.CorePlugin), Atom(sbt.plugins.JvmPlugin))),Set(Atom(org.jetbrains.sbt.indices.SbtIntellijIndicesPlugin)))
[debug] Clause(Atom(sbt.plugins.JvmPlugin),Set(Atom(org.lyranthe.sbt.PartialUnification))))
[debug]   :: deduced result: Matched(sbt.plugins.CorePlugin,sbt.plugins.Giter8TemplatePlugin,sbt.plugins.IvyPlugin,sbt.plugins.JvmPlugin,io.github.davidgregory084.TpolecatPlugin,sbt.plugins.SemanticdbPlugin,org.jetbrains.sbt.indices.SbtIntellijIndicesPlugin,sbt.plugins.JUnitXmlReportPlugin,sbtassembly.AssemblyPlugin,org.jetbrains.sbt.IdeaShellPlugin,org.lyranthe.sbt.PartialUnification,org.jetbrains.sbt.StructurePlugin,spray.revolver.RevolverPlugin,sbt.plugins.MiniDependencyTreePlugin)
[debug] Plugins.deducer#function took 3.0316 ms
[info] loading settings for project root from build.sbt ...
[debug]         Load.resolveProject(root) took 63.6293ms
[debug]       Load.loadTransitive: finalizeProject(Project(id root, base: C:\BitBucket\scala\http4s\estcequecestlheuredelacanicule, plugins: List(<none>))) took 68.63ms
[debug] [Loading] Done in C:\BitBucket\scala\http4s\estcequecestlheuredelacanicule, returning: (root)
[debug]     Load.loadUnit: loadedProjectsRaw took 135.9796ms
[debug]     Load.loadUnit: cleanEvalClasses took 4.3733ms
[debug]   Load.loadUnit(file:/C:/BitBucket/scala/http4s/estcequecestlheuredelacanicule/, ...) took 744.0021ms
[debug] Load.apply: load took 745.4528ms
[debug] Load.apply: resolveProjects took 0.0971ms
[debug] Load.apply: finalTransforms took 24.4151ms
[debug] Load.apply: config.delegates took 0.3583ms
[debug] Load.apply: Def.make(settings)... took 64.6492ms
[debug] Load.apply: structureIndex took 20.813ms
[debug] Load.apply: mkStreams took 0.0014ms
[info] set current project to template-project (in build file:/C:/BitBucket/scala/http4s/estcequecestlheuredelacanicule/)
[debug] > Exec(sbtPopOnFailure, None, None)
[debug] > Exec(resumeFromFailure, None, None)
[debug] > Exec(notifyUsersAboutShell, None, None)
[debug] > Exec(iflast shell, None, None)
[debug] > Exec(; set ideaPort in Global := 11354 ; idea-shell, None, None)
[debug] > Exec(set ideaPort in Global := 11354, None, None)
[info] Defining Global / ideaPort
[info] The new value will be used by Compile / compile, Test / compile
[debug] Defining 
[debug] 	Global / ideaPort
[debug] 
[debug] The new value will be used by 
[debug] 	Compile / compile
[debug] 	Test / compile
[info] Reapplying settings...
[info] set current project to template-project (in build file:/C:/BitBucket/scala/http4s/estcequecestlheuredelacanicule/)
[debug] > Exec(idea-shell, None, None)
