[debug] > Exec(early(addDefaultCommands), None, None)
[debug] > Exec(addDefaultCommands, None, None)
[debug] > Exec(early(initialize), None, None)
[debug] > Exec(initialize, None, None)
[debug] > Exec(early(addPluginSbtFile="""C:\Users\Sams_\AppData\Local\Temp\idea4611.sbt"""), None, None)
[debug] > Exec(addPluginSbtFile="""C:\Users\Sams_\AppData\Local\Temp\idea4611.sbt""", None, None)
[debug] > Exec(boot, None, None)
[debug] > Exec(writeSbtVersion, None, None)
[debug] > Exec(reload, None, None)
[debug] > Exec(sbtStashOnFailure, None, None)
[debug] > Exec(onFailure loadFailed, None, None)
[debug] > Exec(loadp, None, None)
[info] welcome to sbt 1.5.5 (Oracle Corporation Java 1.8.0_212)
[debug]       Load.loadUnit: plugins took 93.8363ms
[debug]       Load.loadUnit: defsScala took 0.2542ms
[debug] [Loading] Scanning directory C:\Users\Sams_\.sbt\1.0\plugins
[debug] [Loading] Found non-root projects 
[debug] [Loading] Done in C:\Users\Sams_\.sbt\1.0\plugins, returning: ()
[debug] deducing auto plugins based on known facts Set(Atom(sbt.plugins.CorePlugin)) and clauses Clauses(Clause(Atom(sbt.plugins.JvmPlugin),Set(Atom(sbt.plugins.IvyPlugin)))
[debug] Clause(Atom(sbt.ScriptedPlugin),Set(Atom(sbt.plugins.JvmPlugin)))
[debug] Clause(Atom(sbt.plugins.SbtPlugin),Set(Atom(sbt.ScriptedPlugin)))
[debug] Clause(Atom(sbt.plugins.SemanticdbPlugin),Set(Atom(sbt.plugins.JvmPlugin)))
[debug] Clause(Atom(sbt.plugins.JUnitXmlReportPlugin),Set(Atom(sbt.plugins.JvmPlugin)))
[debug] Clause(Atom(sbt.plugins.MiniDependencyTreePlugin),Set(Atom(sbt.plugins.JvmPlugin)))
[debug] Clause(Atom(sbt.plugins.CorePlugin),Set(Atom(sbt.plugins.IvyPlugin)))
[debug] Clause(Atom(sbt.plugins.IvyPlugin),Set(Atom(sbt.plugins.JvmPlugin)))
[debug] Clause(Atom(sbt.plugins.JvmPlugin),Set(Atom(sbt.plugins.SemanticdbPlugin)))
[debug] Clause(Atom(sbt.plugins.JvmPlugin),Set(Atom(sbt.plugins.JUnitXmlReportPlugin)))
[debug] Clause(Atom(sbt.plugins.CorePlugin),Set(Atom(sbt.plugins.Giter8TemplatePlugin)))
[debug] Clause(Atom(sbt.plugins.JvmPlugin),Set(Atom(sbt.plugins.MiniDependencyTreePlugin))))
[debug]   :: deduced result: Matched(sbt.plugins.CorePlugin,sbt.plugins.Giter8TemplatePlugin,sbt.plugins.IvyPlugin,sbt.plugins.JvmPlugin,sbt.plugins.MiniDependencyTreePlugin,sbt.plugins.JUnitXmlReportPlugin,sbt.plugins.SemanticdbPlugin)
[debug] Plugins.deducer#function took 15.0405 ms
[debug]           Load.resolveProject(global-plugins) took 137.8733ms
[debug]         Load.loadTransitive: finalizeProject(Project(id global-plugins, base: C:\Users\Sams_\.sbt\1.0\plugins, plugins: List(<none>))) took 172.9635ms
[debug] [Loading] Done in C:\Users\Sams_\.sbt\1.0\plugins, returning: (global-plugins)
[debug]       Load.loadUnit: loadedProjectsRaw took 191.0146ms
[debug]       Load.loadUnit: cleanEvalClasses took 0.3368ms
[debug]     Load.loadUnit(file:/C:/Users/Sams_/.sbt/1.0/plugins/, ...) took 291.7693ms
[debug]   Load.apply: load took 436.3272ms
[debug]   Load.apply: resolveProjects took 4.9207ms
[debug]   Load.apply: finalTransforms took 46.309ms
[debug]   Load.apply: config.delegates took 8.1794ms
[debug]   Load.apply: Def.make(settings)... took 347.2043ms
[debug]   Load.apply: structureIndex took 110.7956ms
[debug]   Load.apply: mkStreams took 1.218ms
[info] loading global plugins from C:\Users\Sams_\.sbt\1.0\plugins
[debug] Running task... Cancel: Signal, check cycles: false, forcegc: true
[debug] Load.defaultLoad until apply took 2436.9095ms
[debug]           Load.loadUnit: plugins took 21.2416ms
[debug]           Load.loadUnit: defsScala took 0.0028ms
[debug] [Loading] Scanning directory C:\BitBucket\scala\http4s\estcequecestlheuredelacanicule\project
[debug]             Load.loadUnit: mkEval took 5.764ms
[debug] [Loading] Found non-root projects 
[debug] [Loading] Done in C:\BitBucket\scala\http4s\estcequecestlheuredelacanicule\project, returning: ()
[debug] deducing auto plugins based on known facts Set(Atom(sbt.plugins.CorePlugin)) and clauses Clauses(Clause(Atom(sbt.plugins.JvmPlugin),Set(Atom(sbt.plugins.IvyPlugin)))
[debug] Clause(Atom(sbt.ScriptedPlugin),Set(Atom(sbt.plugins.JvmPlugin)))
[debug] Clause(Atom(sbt.plugins.SbtPlugin),Set(Atom(sbt.ScriptedPlugin)))
[debug] Clause(Atom(sbt.plugins.SemanticdbPlugin),Set(Atom(sbt.plugins.JvmPlugin)))
[debug] Clause(Atom(sbt.plugins.JUnitXmlReportPlugin),Set(Atom(sbt.plugins.JvmPlugin)))
[debug] Clause(Atom(sbt.plugins.MiniDependencyTreePlugin),Set(Atom(sbt.plugins.JvmPlugin)))
[debug] Clause(Atom(sbt.plugins.CorePlugin),Set(Atom(sbt.plugins.IvyPlugin)))
[debug] Clause(Atom(sbt.plugins.IvyPlugin),Set(Atom(sbt.plugins.JvmPlugin)))
[debug] Clause(Atom(sbt.plugins.JvmPlugin),Set(Atom(sbt.plugins.SemanticdbPlugin)))
[debug] Clause(Atom(sbt.plugins.JvmPlugin),Set(Atom(sbt.plugins.JUnitXmlReportPlugin)))
[debug] Clause(Atom(sbt.plugins.CorePlugin),Set(Atom(sbt.plugins.Giter8TemplatePlugin)))
[debug] Clause(Atom(sbt.plugins.JvmPlugin),Set(Atom(sbt.plugins.MiniDependencyTreePlugin))))
[debug]   :: deduced result: Matched(sbt.plugins.CorePlugin,sbt.plugins.Giter8TemplatePlugin,sbt.plugins.IvyPlugin,sbt.plugins.JvmPlugin,sbt.plugins.MiniDependencyTreePlugin,sbt.plugins.JUnitXmlReportPlugin,sbt.plugins.SemanticdbPlugin)
[debug] Plugins.deducer#function took 1.4105 ms
[info] loading settings for project estcequecestlheuredelacanicule-build from plugins.sbt,idea4611.sbt ...
[debug]               Load.resolveProject(estcequecestlheuredelacanicule-build) took 5.0068ms
[debug]             Load.loadTransitive: finalizeProject(Project(id estcequecestlheuredelacanicule-build, base: C:\BitBucket\scala\http4s\estcequecestlheuredelacanicule\project, plugins: List(<none>))) took 6.8335ms
[debug] [Loading] Done in C:\BitBucket\scala\http4s\estcequecestlheuredelacanicule\project, returning: (estcequecestlheuredelacanicule-build)
[debug]           Load.loadUnit: loadedProjectsRaw took 146.1012ms
[debug]           Load.loadUnit: cleanEvalClasses took 4.7551ms
[debug]         Load.loadUnit(file:/C:/BitBucket/scala/http4s/estcequecestlheuredelacanicule/project/, ...) took 172.8096ms
[debug]       Load.apply: load took 173.7588ms
[debug]       Load.apply: resolveProjects took 0.0679ms
[debug]       Load.apply: finalTransforms took 6.6112ms
[debug]       Load.apply: config.delegates took 0.2707ms
[debug]       Load.apply: Def.make(settings)... took 66.1238ms
[debug]       Load.apply: structureIndex took 18.4342ms
[debug]       Load.apply: mkStreams took 0.0024ms
[info] loading project definition from C:\BitBucket\scala\http4s\estcequecestlheuredelacanicule\project
[debug] Running task... Cancel: Signal, check cycles: false, forcegc: true
[debug]     Load.loadUnit: plugins took 583.5554ms
[debug]     Load.loadUnit: defsScala took 0.0022ms
[debug] [Loading] Scanning directory C:\BitBucket\scala\http4s\estcequecestlheuredelacanicule
[debug]       Load.loadUnit: mkEval took 0.2181ms
[debug] [Loading] Found root project root w/ remaining 
[debug] deducing auto plugins based on known facts Set(Atom(sbt.plugins.CorePlugin)) and clauses Clauses(Clause(Atom(sbt.plugins.JvmPlugin),Set(Atom(sbt.plugins.IvyPlugin)))
[debug] Clause(Atom(sbt.ScriptedPlugin),Set(Atom(sbt.plugins.JvmPlugin)))
[debug] Clause(Atom(sbt.plugins.SbtPlugin),Set(Atom(sbt.ScriptedPlugin)))
[debug] Clause(Atom(sbt.plugins.SemanticdbPlugin),Set(Atom(sbt.plugins.JvmPlugin)))
[debug] Clause(Atom(sbt.plugins.JUnitXmlReportPlugin),Set(Atom(sbt.plugins.JvmPlugin)))
[debug] Clause(Atom(sbt.plugins.MiniDependencyTreePlugin),Set(Atom(sbt.plugins.JvmPlugin)))
[debug] Clause(Atom(io.github.davidgregory084.TpolecatPlugin),Set(Atom(sbt.plugins.JvmPlugin)))
[debug] Clause(Atom(spray.revolver.RevolverPlugin),Set(Atom(sbt.plugins.JvmPlugin)))
[debug] Clause(Atom(sbtassembly.AssemblyPlugin),Set(Atom(sbt.plugins.JvmPlugin)))
[debug] Clause(Atom(org.jetbrains.sbt.StructurePlugin),Set(Atom(sbt.plugins.JvmPlugin)))
[debug] Clause(Atom(org.jetbrains.sbt.IdeaShellPlugin),Set(Atom(sbt.plugins.JvmPlugin)))
[debug] Clause(Atom(org.jetbrains.sbt.indices.SbtIntellijIndicesPlugin),Set(Atom(sbt.plugins.JvmPlugin)))
[debug] Clause(Atom(org.lyranthe.sbt.PartialUnification),Set(Atom(sbt.plugins.JvmPlugin)))
[debug] Clause(Atom(sbt.plugins.CorePlugin),Set(Atom(sbt.plugins.IvyPlugin)))
[debug] Clause(Atom(sbt.plugins.IvyPlugin),Set(Atom(sbt.plugins.JvmPlugin)))
[debug] Clause(Atom(sbt.plugins.JvmPlugin),Set(Atom(sbt.plugins.SemanticdbPlugin)))
[debug] Clause(Atom(sbt.plugins.JvmPlugin),Set(Atom(sbt.plugins.JUnitXmlReportPlugin)))
[debug] Clause(Atom(sbt.plugins.CorePlugin),Set(Atom(sbt.plugins.Giter8TemplatePlugin)))
[debug] Clause(Atom(sbt.plugins.JvmPlugin),Set(Atom(sbt.plugins.MiniDependencyTreePlugin)))
[debug] Clause(Atom(sbt.plugins.JvmPlugin),Set(Atom(io.github.davidgregory084.TpolecatPlugin)))
[debug] Clause(Atom(sbt.plugins.JvmPlugin),Set(Atom(spray.revolver.RevolverPlugin)))
[debug] Clause(Atom(sbt.plugins.JvmPlugin),Set(Atom(sbtassembly.AssemblyPlugin)))
[debug] Clause(Atom(sbt.plugins.JvmPlugin),Set(Atom(org.jetbrains.sbt.StructurePlugin)))
[debug] Clause(Atom(sbt.plugins.JvmPlugin),Set(Atom(org.jetbrains.sbt.IdeaShellPlugin)))
[debug] Clause(And(Set(Atom(sbt.plugins.CorePlugin), Atom(sbt.plugins.JvmPlugin))),Set(Atom(org.jetbrains.sbt.indices.SbtIntellijIndicesPlugin)))
[debug] Clause(Atom(sbt.plugins.JvmPlugin),Set(Atom(org.lyranthe.sbt.PartialUnification))))
[debug]   :: deduced result: Matched(sbt.plugins.CorePlugin,sbt.plugins.Giter8TemplatePlugin,sbt.plugins.IvyPlugin,sbt.plugins.JvmPlugin,io.github.davidgregory084.TpolecatPlugin,sbt.plugins.SemanticdbPlugin,org.jetbrains.sbt.indices.SbtIntellijIndicesPlugin,sbt.plugins.JUnitXmlReportPlugin,sbtassembly.AssemblyPlugin,org.jetbrains.sbt.IdeaShellPlugin,org.lyranthe.sbt.PartialUnification,org.jetbrains.sbt.StructurePlugin,spray.revolver.RevolverPlugin,sbt.plugins.MiniDependencyTreePlugin)
[debug] Plugins.deducer#function took 2.4123 ms
[info] loading settings for project root from build.sbt ...
[debug]         Load.resolveProject(root) took 49.684ms
[debug]       Load.loadTransitive: finalizeProject(Project(id root, base: C:\BitBucket\scala\http4s\estcequecestlheuredelacanicule, plugins: List(<none>))) took 53.845ms
[debug] [Loading] Done in C:\BitBucket\scala\http4s\estcequecestlheuredelacanicule, returning: (root)
[debug]     Load.loadUnit: loadedProjectsRaw took 120.0381ms
[debug]     Load.loadUnit: cleanEvalClasses took 3.0072ms
[debug]   Load.loadUnit(file:/C:/BitBucket/scala/http4s/estcequecestlheuredelacanicule/, ...) took 707.1331ms
[debug] Load.apply: load took 708.4972ms
[debug] Load.apply: resolveProjects took 0.112ms
[debug] Load.apply: finalTransforms took 19.175ms
[debug] Load.apply: config.delegates took 0.2381ms
[debug] Load.apply: Def.make(settings)... took 64.8306ms
[debug] Load.apply: structureIndex took 18.2806ms
[debug] Load.apply: mkStreams took 0.002ms
[info] set current project to template-project (in build file:/C:/BitBucket/scala/http4s/estcequecestlheuredelacanicule/)
[debug] > Exec(sbtPopOnFailure, None, None)
[debug] > Exec(resumeFromFailure, None, None)
[debug] > Exec(notifyUsersAboutShell, None, None)
[debug] > Exec(iflast shell, None, None)
[debug] > Exec(; set ideaPort in Global := 1279 ; idea-shell, None, None)
[debug] > Exec(set ideaPort in Global := 1279, None, None)
[info] Defining Global / ideaPort
[info] The new value will be used by Compile / compile, Test / compile
[debug] Defining 
[debug] 	Global / ideaPort
[debug] 
[debug] The new value will be used by 
[debug] 	Compile / compile
[debug] 	Test / compile
[info] Reapplying settings...
[info] set current project to template-project (in build file:/C:/BitBucket/scala/http4s/estcequecestlheuredelacanicule/)
[debug] > Exec(idea-shell, None, None)
